<?xml version="1.0" encoding="UTF-8"?>
<!-- Generated by org.testng.reporters.JUnitReportReporter -->
<testsuite skipped="0" hostname="Syeds-MacBook-Pro.local" name="com.testngsetup.SearchInputTextFieldValidation" tests="1" failures="0" timestamp="10 Feb 2019 15:04:58 GMT" time="5.624" errors="0">
  <testcase name="userValidatesSearchInputTextField" time="5.624" classname="com.testngsetup.SearchInputTextFieldValidation"/>
</testsuite> <!-- com.testngsetup.SearchInputTextFieldValidation -->
